<?xml version="1.0" encoding="UTF-8"?>
<!-- Generated by org.testng.reporters.JUnitReportReporter -->
<testsuite hostname="DESKTOP-UJC2F7H" failures="0" tests="1" name="Testcases.Testcaseslogin" time="1.196" errors="0" timestamp="2024-01-08T02:57:37 EST" skipped="0">
  <testcase classname="Testcases.Testcaseslogin" name="logintest" time="1.196"/>
</testsuite> <!-- Testcases.Testcaseslogin -->
